<?xml version="1.0" encoding="UTF-8"?>
<!-- Generated by org.testng.reporters.JUnitXMLReporter -->
<testsuite hostname="ACROlap32" ignored="0" name="Test" tests="3" failures="0" timestamp="11 Sep 2020 03:45:01 GMT" time="7.973" errors="0">
  <testcase name="@BeforeClass setUp" time="7.478" classname="allureReport.Tests">
    <failure type="java.lang.NullPointerException">
      <![CDATA[java.lang.NullPointerException
at allureReport.Tests.setUp(Tests.java:38)
... Removed 26 stack frames]]>
    </failure>
  </testcase> <!-- @BeforeClass setUp -->
  <testcase name="@AfterClass tearDown" time="0.0" classname="allureReport.Tests">
    <skipped/>
  </testcase> <!-- @AfterClass tearDown -->
  <testcase name="logoPresence" time="0.0" classname="allureReport.Tests">
    <skipped/>
  </testcase> <!-- logoPresence -->
  <testcase name="loginTest" time="0.0" classname="allureReport.Tests">
    <skipped/>
  </testcase> <!-- loginTest -->
  <testcase name="registrationTest" time="0.0" classname="allureReport.Tests">
    <skipped/>
  </testcase> <!-- registrationTest -->
</testsuite> <!-- Test -->
